Start testing: May 25 21:31 中国标准时间
----------------------------------------------------------
1/1 Testing: run_tests
1/1 Test: run_tests
Command: "D:/mspm0/build_host/run_tests.exe"
Directory: D:/mspm0/build_host
"run_tests" start time: May 25 21:31 中国标准时间
Output:
----------------------------------------------------------

--- Test Suite Started ---
D:/mspm0/test/test_app_control.c:10:test_app_control_init_status:PASS
D:/mspm0/test/test_app_control.c:11:test_app_control_init_status:PASS
D:/mspm0/test/test_app_control.c:12:test_app_control_init_status:PASS
D:/mspm0/test/test_app_control.c:19:test_app_control_single_press:PASS
D:/mspm0/test/test_app_control.c:20:test_app_control_single_press:PASS
D:/mspm0/test/test_app_control.c:21:test_app_control_single_press:PASS
D:/mspm0/test/test_app_control.c:29:test_app_control_long_press:PASS
D:/mspm0/test/test_app_control.c:30:test_app_control_long_press:PASS
D:/mspm0/test/test_app_control.c:31:test_app_control_long_press:PASS
D:/mspm0/test/test_app_control.c:39:test_app_control_key_release:PASS
D:/mspm0/test/test_app_control.c:40:test_app_control_key_release:PASS
D:/mspm0/test/test_app_control.c:41:test_app_control_key_release:PASS
D:/mspm0/test/test_app_control.c:48:test_app_control_multiple_presses:PASS
D:/mspm0/test/test_app_control.c:53:test_app_control_multiple_presses:PASS
D:/mspm0/test/test_app_control.c:54:test_app_control_multiple_presses:PASS

-----------------------
5 Tests 0 Failures 0 Ignored
OK
<end of output>
Test time =   0.09 sec
----------------------------------------------------------
Test Passed.
"run_tests" end time: May 25 21:31 中国标准时间
"run_tests" time elapsed: 00:00:00
----------------------------------------------------------

End testing: May 25 21:31 中国标准时间
